Arguments: 
  /usr/local/bin/node /home/luciano/.yarn/releases/yarn-1.22.10.cjs init

PATH: 
  /home/luciano/.zinit/polaris/bin:/opt/gradle/gradle-5.0/bin:/usr/local/sbin:/usr/local/bin:/usr/sbin:/usr/bin:/sbin:/bin:/usr/games:/usr/local/games:/snap/bin:/home/luciano/Android/Sdk/emulator:/home/luciano/Android/Sdk/tools:/home/luciano/Android/Sdk/tools/bin:/home/luciano/Android/Sdk/platform-tools

Yarn version: 
  1.22.10

Node version: 
  14.17.1

Platform: 
  linux x64

Trace: 
  Error: canceled
      at Interface.<anonymous> (/home/luciano/.yarn/releases/yarn-1.22.10.cjs:131420:13)
      at Interface.emit (events.js:375:28)
      at Interface._ttyWrite (readline.js:910:16)
      at ReadStream.onkeypress (readline.js:235:10)
      at ReadStream.emit (events.js:375:28)
      at emitKeys (internal/readline/utils.js:358:14)
      at emitKeys.next (<anonymous>)
      at ReadStream.onData (readline.js:1179:36)
      at ReadStream.emit (events.js:375:28)
      at addChunk (internal/streams/readable.js:290:12)

npm manifest: 
  No manifest

yarn manifest: 
  No manifest

Lockfile: 
  No lockfile
